<?xml version="1.0" encoding="UTF-8"?>
<!-- Generated by org.testng.reporters.JUnitReportReporter -->
<testsuite skipped="0" hostname="AMOSTAFA" name="Runner.test_Runner" tests="6" failures="0" timestamp="2022-08-20T06:14:36 EET" time="339.988" errors="0">
  <testcase name="runScenario" time="43.827" classname="Runner.test_Runner"/>
  <system-out/>
  <testcase name="runScenario" time="60.467" classname="Runner.test_Runner"/>
  <system-out/>
  <testcase name="runScenario" time="42.720" classname="Runner.test_Runner"/>
  <system-out/>
  <testcase name="runScenario" time="102.867" classname="Runner.test_Runner"/>
  <system-out/>
  <testcase name="runScenario" time="44.081" classname="Runner.test_Runner"/>
  <system-out/>
  <testcase name="runScenario" time="46.026" classname="Runner.test_Runner"/>
  <system-out/>
</testsuite> <!-- Runner.test_Runner -->
